# Conditions read from  CMS_CONDITIONS  via FrontierProd 
**************************************************************
b tagging needs to be run on uncorrected jets. Hence, the JECs
will first be undone for 'updatedPatJetsDeepFlavour' and then applied to
'updatedPatJetsTransientCorrectedDeepFlavour'.
**************************************************************
skipping deepFlavourJetTagsDeepFlavour as it has already been loaded in the process
skipping deepFlavourJetTagsDeepFlavour as it has already been loaded in the process
skipping deepFlavourJetTagsDeepFlavour as it has already been loaded in the process
skipping deepFlavourJetTagsDeepFlavour as it has already been loaded in the process
DEBUG 2017-12-09 16:48:39,002: 	 Executing command: 'submit'
DEBUG 2017-12-09 16:48:39,002: 	 Found CRAB cache file /uscms/home/zwang2/.crab3
DEBUG 2017-12-09 16:48:39,009: 	 Checking credentials
DEBUG 2017-12-09 16:48:39,009: 	 Found proxy file /tmp/x509up_u49846
DEBUG 2017-12-09 16:48:39,009: 	 Getting proxy life time left
DEBUG 2017-12-09 16:48:39,112: 	 Executing : 
 command : voms-proxy-info -file /tmp/x509up_u49846 -timeleft
 output : 39530

 error: 
 retcode : 0
DEBUG 2017-12-09 16:48:39,215: 	 Executing : 
 command : voms-proxy-info -file /tmp/x509up_u49846 -actimeleft
 output : 39530

 error: 
 retcode : 0
DEBUG 2017-12-09 16:48:39,215: 	 Proxy valid for 10:58:50 hours
INFO 2017-12-09 16:48:39,215: 	 Will use CRAB configuration file GravitonToQuark_8000_2.py
DEBUG 2017-12-09 16:48:39,216: 	 Loading CRAB configuration file.
DEBUG 2017-12-09 16:48:39,218: 	 Will use CRAB Analysis plugin (i.e. will run an analysis job type).
DEBUG 2017-12-09 16:48:39,334: 	 Executing : 
 command : openssl x509 -in ~/.globus/usercert.pem -subject -noout
 output : subject= /DC=ch/DC=cern/OU=Organic Units/OU=Users/CN=zhixing/CN=764028/CN=Zhixing Wang

 error: 
 retcode : 0
DEBUG 2017-12-09 16:48:39,334: 	 Checking credentials
DEBUG 2017-12-09 16:48:39,334: 	 Found proxy file /tmp/x509up_u49846
DEBUG 2017-12-09 16:48:39,334: 	 Getting proxy life time left
DEBUG 2017-12-09 16:48:39,437: 	 Executing : 
 command : voms-proxy-info -file /tmp/x509up_u49846 -timeleft
 output : 39530

 error: 
 retcode : 0
DEBUG 2017-12-09 16:48:39,540: 	 Executing : 
 command : voms-proxy-info -file /tmp/x509up_u49846 -actimeleft
 output : 39530

 error: 
 retcode : 0
DEBUG 2017-12-09 16:48:39,541: 	 Proxy valid for 10:58:50 hours
DEBUG 2017-12-09 16:48:39,644: 	 Executing : 
 command : env X509_USER_PROXY=/tmp/x509up_u49846 voms-proxy-info -fqan
 output : /cms/Role=NULL/Capability=NULL
/cms/uscms/Role=NULL/Capability=NULL

 error: 
 retcode : 0
DEBUG 2017-12-09 16:48:40,753: 	 Registering user credentials for server /DC=ch/DC=cern/OU=computers/CN=vocms(045|052|021|031|0118|0118a|0119|0108|0105|0109).cern.ch
DEBUG 2017-12-09 16:48:40,860: 	 Executing : 
 command : openssl x509 -in ~/.globus/usercert.pem -subject -noout
 output : subject= /DC=ch/DC=cern/OU=Organic Units/OU=Users/CN=zhixing/CN=764028/CN=Zhixing Wang

 error: 
 retcode : 0
DEBUG 2017-12-09 16:48:40,861: 	 Getting myproxy life time left for myproxy.cern.ch
DEBUG 2017-12-09 16:48:40,861: 	 Calculating hash of /DC=ch/DC=cern/OU=Organic Units/OU=Users/CN=zhixing/CN=764028/CN=Zhixing Wang_cmsweb.cern.ch for credential name
DEBUG 2017-12-09 16:48:41,765: 	 Executing : 
 command : myproxy-info -l 4ee4034cd45d4b67464d1859f7b5d936a2b5fc13 -s myproxy.cern.ch
 output : username: 4ee4034cd45d4b67464d1859f7b5d936a2b5fc13
owner: /DC=ch/DC=cern/OU=Organic Units/OU=Users/CN=zhixing/CN=764028/CN=Zhixing Wang
  renewal policy: /DC=ch/DC=cern/OU=computers/CN=vocms(045|052|021|031|0118|0118a|0119|0108|0105|0109).cern.ch
  trusted retrieval policy: /DC=ch/DC=cern/OU=computers/CN=vocms(045|052|021|031|0118|0118a|0119|0108|0105|0109).cern.ch
  timeleft: 626:24:17  (26.1 days)

 error: 
 retcode : 0
DEBUG 2017-12-09 16:48:41,767: 	 Myproxy is valid: 2255057
DEBUG 2017-12-09 16:48:41,767: 	 Command use: submit
DEBUG 2017-12-09 16:48:41,767: 	 Options use: ['GravitonToQuark_8000_2.py']
DEBUG 2017-12-09 16:48:42,863: 	 CRABClient version: 3.3.1707.patch1
DEBUG 2017-12-09 16:48:42,863: 	 Instance is prod
DEBUG 2017-12-09 16:48:42,863: 	 Server base url is cmsweb.cern.ch
DEBUG 2017-12-09 16:48:42,863: 	 Command url /crabserver/prod/workflow
DEBUG 2017-12-09 16:48:42,863: 	 Started submission
DEBUG 2017-12-09 16:48:42,863: 	 Working on /uscms_data/d3/zwang2/WorkingArea4/CMSSW_8_0_25/src/CMSDIJET/DijetRootTreeMaker/crab_job/output/crab_GravitonToQuark_8000_2
DEBUG 2017-12-09 16:48:44,111: 	 Loading required information from the environment
DEBUG 2017-12-09 16:48:44,111: 	 Found CMSSW_8_0_25 for slc6_amd64_gcc530 with base /uscms_data/d3/zwang2/WorkingArea4/CMSSW_8_0_25
DEBUG 2017-12-09 16:48:44,111: 	 Loading required information from the environment
DEBUG 2017-12-09 16:48:44,111: 	 Found CMSSW_8_0_25 for slc6_amd64_gcc530 with base /uscms_data/d3/zwang2/WorkingArea4/CMSSW_8_0_25
DEBUG 2017-12-09 16:48:44,127: 	 UNIQUE NAME: tarUUID 587b066f-efe9-4062-95c4-36ccd53c47a0 
DEBUG 2017-12-09 16:48:44,127: 	 self.config: from WMCore.Configuration import Configuration
config = Configuration()
config.section_('General')
config.General.workArea = '/uscms_data/d3/zwang2/WorkingArea4/CMSSW_8_0_25/src/CMSDIJET/DijetRootTreeMaker/crab_job/output/'
config.General.transferOutputs = True
config.General.transferLogs = True
config.General.requestName = 'GravitonToQuark_8000_2'
config.section_('JobType')
config.JobType.psetName = '/uscms_data/d3/zwang2/WorkingArea4/CMSSW_8_0_25/src/CMSDIJET/DijetRootTreeMaker/prod/flat-MC-cfg_miniAOD.py'
config.JobType.pluginName = 'Analysis'
config.section_('Data')
config.Data.inputDataset = '/RSGravitonToQuarkQuark_kMpl01_M_8000_TuneCUETP8M1_13TeV_pythia8/RunIISummer16MiniAODv2-PUMoriond17_80X_mcRun2_asymptotic_2016_TrancheIV_v6-v1/MINIAODSIM'
config.Data.outputDatasetTag = 'analysis'
config.Data.publication = False
config.Data.unitsPerJob = 1
config.Data.splitting = 'FileBased'
config.Data.outLFNDirBase = '/store/group/phys_exotica/dijet/Dijet13TeV/TylerW/'
config.section_('Site')
config.Site.blacklist = []
config.Site.storageSite = 'T2_CH_CERN'
config.section_('User')
config.section_('Debug')
config.Debug.extraJDL = ['+CMS_ALLOW_OVERFLOW=False']

DEBUG 2017-12-09 16:48:44,127: 	 self.config.JobType.psetName: /uscms_data/d3/zwang2/WorkingArea4/CMSSW_8_0_25/src/CMSDIJET/DijetRootTreeMaker/prod/flat-MC-cfg_miniAOD.py
INFO 2017-12-09 16:48:44,128: 	 Importing CMSSW configuration /uscms_data/d3/zwang2/WorkingArea4/CMSSW_8_0_25/src/CMSDIJET/DijetRootTreeMaker/prod/flat-MC-cfg_miniAOD.py
INFO 2017-12-09 16:48:48,059: 	 Finished importing CMSSW configuration /uscms_data/d3/zwang2/WorkingArea4/CMSSW_8_0_25/src/CMSDIJET/DijetRootTreeMaker/prod/flat-MC-cfg_miniAOD.py
DEBUG 2017-12-09 16:48:48,059: 	 Writing CMSSW configuration to /uscms_data/d3/zwang2/WorkingArea4/CMSSW_8_0_25/src/CMSDIJET/DijetRootTreeMaker/crab_job/output/crab_GravitonToQuark_8000_2/inputs/PSet.py
DEBUG 2017-12-09 16:48:49,273: 	 The following EDM output files will be collected: []
DEBUG 2017-12-09 16:48:49,273: 	 The following TFile output files will be collected: ['test.root']
DEBUG 2017-12-09 16:48:49,273: 	 The following user output files will be collected: []
DEBUG 2017-12-09 16:48:49,273: 	 Loading required information from the environment
DEBUG 2017-12-09 16:48:49,273: 	 Found CMSSW_8_0_25 for slc6_amd64_gcc530 with base /uscms_data/d3/zwang2/WorkingArea4/CMSSW_8_0_25
DEBUG 2017-12-09 16:48:49,274: 	 Making tarball in /uscms_data/d3/zwang2/WorkingArea4/CMSSW_8_0_25/src/CMSDIJET/DijetRootTreeMaker/crab_job/output/crab_GravitonToQuark_8000_2/inputs/587b066f-efe9-4062-95c4-36ccd53c47a0default.tgz
DEBUG 2017-12-09 16:48:49,360: 	 Checking directory /uscms_data/d3/zwang2/WorkingArea4/CMSSW_8_0_25/lib
DEBUG 2017-12-09 16:48:49,360: 	 Adding directory /uscms_data/d3/zwang2/WorkingArea4/CMSSW_8_0_25/lib to tarball
DEBUG 2017-12-09 16:48:51,279: 	 Checking directory /uscms_data/d3/zwang2/WorkingArea4/CMSSW_8_0_25/biglib
DEBUG 2017-12-09 16:48:51,279: 	 Adding directory /uscms_data/d3/zwang2/WorkingArea4/CMSSW_8_0_25/biglib to tarball
DEBUG 2017-12-09 16:48:51,281: 	 Checking directory /uscms_data/d3/zwang2/WorkingArea4/CMSSW_8_0_25/module
DEBUG 2017-12-09 16:48:51,593: 	 Adding data directory /uscms_data/d3/zwang2/WorkingArea4/CMSSW_8_0_25/src/DeepNTuples/DeepNtuplizer/data to tarball
DEBUG 2017-12-09 16:48:51,712: 	 Adding data directory /uscms_data/d3/zwang2/WorkingArea4/CMSSW_8_0_25/src/DeepNTuples/DeepNtuplizer/interface to tarball
DEBUG 2017-12-09 16:48:51,740: 	 Adding data directory /uscms_data/d3/zwang2/WorkingArea4/CMSSW_8_0_25/src/DeepNTuples/JetAnalysis/interface to tarball
DEBUG 2017-12-09 16:48:51,753: 	 Adding data directory /uscms_data/d3/zwang2/WorkingArea4/CMSSW_8_0_25/src/DataFormats/BTauReco/interface to tarball
DEBUG 2017-12-09 16:48:51,805: 	 Adding data directory /uscms_data/d3/zwang2/WorkingArea4/CMSSW_8_0_25/src/PhysicsTools/PatAlgos/interface to tarball
DEBUG 2017-12-09 16:48:51,901: 	 Adding data directory /uscms_data/d3/zwang2/WorkingArea4/CMSSW_8_0_25/src/RecoBTag/SecondaryVertex/interface to tarball
DEBUG 2017-12-09 16:48:51,933: 	 Adding data directory /uscms_data/d3/zwang2/WorkingArea4/CMSSW_8_0_25/src/RecoBTag/DeepFlavour/data to tarball
DEBUG 2017-12-09 16:48:52,219: 	 Adding data directory /uscms_data/d3/zwang2/WorkingArea4/CMSSW_8_0_25/src/RecoBTag/LWTNN/interface to tarball
DEBUG 2017-12-09 16:48:52,357: 	 Adding data directory /uscms_data/d3/zwang2/WorkingArea4/CMSSW_8_0_25/src/CMSDIJET/DijetRootTreeMaker/data to tarball
DEBUG 2017-12-09 16:49:02,079: 	 Uploading archive /uscms_data/d3/zwang2/WorkingArea4/CMSSW_8_0_25/src/CMSDIJET/DijetRootTreeMaker/crab_job/output/crab_GravitonToQuark_8000_2/inputs/587b066f-efe9-4062-95c4-36ccd53c47a0default.tgz (10 MB) to the CRAB cache. Using URI https://cmsweb.cern.ch/crabcache
DEBUG 2017-12-09 16:49:10,453: 	 Loading required information from the environment
DEBUG 2017-12-09 16:49:10,453: 	 Found CMSSW_8_0_25 for slc6_amd64_gcc530 with base /uscms_data/d3/zwang2/WorkingArea4/CMSSW_8_0_25
DEBUG 2017-12-09 16:49:10,453: 	 Making tarball in /uscms_data/d3/zwang2/WorkingArea4/CMSSW_8_0_25/src/CMSDIJET/DijetRootTreeMaker/crab_job/output/crab_GravitonToQuark_8000_2/inputs/debugFiles.tgz
DEBUG 2017-12-09 16:49:10,459: 	 Uploading archive /uscms_data/d3/zwang2/WorkingArea4/CMSSW_8_0_25/src/CMSDIJET/DijetRootTreeMaker/crab_job/output/crab_GravitonToQuark_8000_2/inputs/debugFiles.tgz (3 KB) to the CRAB cache. Using URI https://cmsweb.cern.ch/crabcache
DEBUG 2017-12-09 16:49:11,583: 	 Result uploading input files: 710984d6862149583a9d5eb0886226b2c32e0cc54be130a28c5256671a20bc9e.tar.gz 
INFO 2017-12-09 16:49:11,583: 	 Sending the request to the server
DEBUG 2017-12-09 16:49:11,584: 	 Submitting {'maxjobruntime': 1250, 'extrajdl': ['+CMS_ALLOW_OVERFLOW=False'], 'ignorelocality': 0, 'savelogsflag': 1, 'useparent': 0, 'asyncdest': 'T2_CH_CERN', 'algoargs': 1, 'cachefilename': '710984d6862149583a9d5eb0886226b2c32e0cc54be130a28c5256671a20bc9e.tar.gz', 'numcores': 1, 'addoutputfiles': [], 'generator': 'pythia', 'maxmemory': 2000, 'publishdbsurl': 'https://cmsweb.cern.ch/dbs/prod/phys03/DBSWriter', 'priority': 10, 'jobsw': 'CMSSW_8_0_25', 'edmoutfiles': [], 'userfiles': [], 'primarydataset': '', 'inputdata': '/RSGravitonToQuarkQuark_kMpl01_M_8000_TuneCUETP8M1_13TeV_pythia8/RunIISummer16MiniAODv2-PUMoriond17_80X_mcRun2_asymptotic_2016_TrancheIV_v6-v1/MINIAODSIM', 'lfn': '/store/group/phys_exotica/dijet/Dijet13TeV/TylerW/', 'dryrun': 0, 'workflow': 'crab_GravitonToQuark_8000_2', 'cacheurl': u'https://cmsweb.cern.ch/crabcache', 'nonprodsw': 0, 'tfileoutfiles': ['test.root'], 'oneEventMode': 0, 'debugfilename': '4f0cb33ade9f40b7b48ba7d0c759c5e6cb00158a32d0d100fd05d83bb52722b8.tar.gz', 'saveoutput': 1, 'publication': 0, 'jobarch': 'slc6_amd64_gcc530', 'totalunits': 0, 'splitalgo': 'FileBased', 'ignoreglobalblacklist': 0, 'nonvaliddata': 0, 'dbsurl': 'https://cmsweb.cern.ch/dbs/prod/global/DBSReader', 'publishgroupname': 0, 'jobtype': 'Analysis', 'siteblacklist': [], 'publishname2': 'analysis'} 
DEBUG 2017-12-09 16:49:11,584: 	 Encoded submit request: maxjobruntime=1250&ignorelocality=0&savelogsflag=1&useparent=0&asyncdest=T2_CH_CERN&algoargs=1&cachefilename=710984d6862149583a9d5eb0886226b2c32e0cc54be130a28c5256671a20bc9e.tar.gz&numcores=1&generator=pythia&maxmemory=2000&publishdbsurl=https%3A%2F%2Fcmsweb.cern.ch%2Fdbs%2Fprod%2Fphys03%2FDBSWriter&priority=10&jobsw=CMSSW_8_0_25&primarydataset=&inputdata=%2FRSGravitonToQuarkQuark_kMpl01_M_8000_TuneCUETP8M1_13TeV_pythia8%2FRunIISummer16MiniAODv2-PUMoriond17_80X_mcRun2_asymptotic_2016_TrancheIV_v6-v1%2FMINIAODSIM&lfn=%2Fstore%2Fgroup%2Fphys_exotica%2Fdijet%2FDijet13TeV%2FTylerW%2F&dryrun=0&workflow=crab_GravitonToQuark_8000_2&cacheurl=https%3A%2F%2Fcmsweb.cern.ch%2Fcrabcache&nonprodsw=0&oneEventMode=0&debugfilename=4f0cb33ade9f40b7b48ba7d0c759c5e6cb00158a32d0d100fd05d83bb52722b8.tar.gz&saveoutput=1&publication=0&jobarch=slc6_amd64_gcc530&totalunits=0&splitalgo=FileBased&ignoreglobalblacklist=0&nonvaliddata=0&dbsurl=https%3A%2F%2Fcmsweb.cern.ch%2Fdbs%2Fprod%2Fglobal%2FDBSReader&publishgroupname=0&jobtype=Analysis&publishname2=analysis&tfileoutfiles=test.root&extrajdl=%2BCMS_ALLOW_OVERFLOW%3DFalse
DEBUG 2017-12-09 16:49:13,159: 	 Result: {u'result': [{u'RequestName': u'171209_224912:zhixing_crab_GravitonToQuark_8000_2'}]}
INFO 2017-12-09 16:49:13,164: 	 Success: Your task has been delivered to the CRAB3 server.
INFO 2017-12-09 16:49:13,164: 	 Task name: 171209_224912:zhixing_crab_GravitonToQuark_8000_2
INFO 2017-12-09 16:49:13,164: 	 Please use 'crab status' to check how the submission process proceeds.
DEBUG 2017-12-09 16:49:13,164: 	 About to return
INFO 2017-12-09 16:49:13,170: 	 Log file is /uscms_data/d3/zwang2/WorkingArea4/CMSSW_8_0_25/src/CMSDIJET/DijetRootTreeMaker/crab_job/output/crab_GravitonToQuark_8000_2/crab.log
