# Conditions read from  CMS_CONDITIONS  via FrontierProd 
**************************************************************
b tagging needs to be run on uncorrected jets. Hence, the JECs
will first be undone for 'updatedPatJetsDeepFlavour' and then applied to
'updatedPatJetsTransientCorrectedDeepFlavour'.
**************************************************************
skipping deepFlavourJetTagsDeepFlavour as it has already been loaded in the process
skipping deepFlavourJetTagsDeepFlavour as it has already been loaded in the process
skipping deepFlavourJetTagsDeepFlavour as it has already been loaded in the process
skipping deepFlavourJetTagsDeepFlavour as it has already been loaded in the process
DEBUG 2017-12-09 17:07:04,745: 	 Executing command: 'submit'
DEBUG 2017-12-09 17:07:04,745: 	 Found CRAB cache file /uscms/home/zwang2/.crab3
DEBUG 2017-12-09 17:07:04,752: 	 Checking credentials
DEBUG 2017-12-09 17:07:04,752: 	 Found proxy file /tmp/x509up_u49846
DEBUG 2017-12-09 17:07:04,752: 	 Getting proxy life time left
DEBUG 2017-12-09 17:07:04,855: 	 Executing : 
 command : voms-proxy-info -file /tmp/x509up_u49846 -timeleft
 output : 42577

 error: 
 retcode : 0
DEBUG 2017-12-09 17:07:04,958: 	 Executing : 
 command : voms-proxy-info -file /tmp/x509up_u49846 -actimeleft
 output : 42577

 error: 
 retcode : 0
DEBUG 2017-12-09 17:07:04,959: 	 Proxy valid for 11:49:37 hours
INFO 2017-12-09 17:07:04,959: 	 Will use CRAB configuration file GravitonToQuark_8000.py
DEBUG 2017-12-09 17:07:04,959: 	 Loading CRAB configuration file.
DEBUG 2017-12-09 17:07:04,962: 	 Will use CRAB Analysis plugin (i.e. will run an analysis job type).
DEBUG 2017-12-09 17:07:05,879: 	 Executing : 
 command : openssl x509 -in ~/.globus/usercert.pem -subject -noout
 output : subject= /DC=ch/DC=cern/OU=Organic Units/OU=Users/CN=zhixing/CN=764028/CN=Zhixing Wang

 error: 
 retcode : 0
DEBUG 2017-12-09 17:07:05,879: 	 Checking credentials
DEBUG 2017-12-09 17:07:05,879: 	 Found proxy file /tmp/x509up_u49846
DEBUG 2017-12-09 17:07:05,879: 	 Getting proxy life time left
DEBUG 2017-12-09 17:07:05,982: 	 Executing : 
 command : voms-proxy-info -file /tmp/x509up_u49846 -timeleft
 output : 42576

 error: 
 retcode : 0
DEBUG 2017-12-09 17:07:06,085: 	 Executing : 
 command : voms-proxy-info -file /tmp/x509up_u49846 -actimeleft
 output : 42575

 error: 
 retcode : 0
DEBUG 2017-12-09 17:07:06,085: 	 Proxy valid for 11:49:36 hours
DEBUG 2017-12-09 17:07:06,188: 	 Executing : 
 command : env X509_USER_PROXY=/tmp/x509up_u49846 voms-proxy-info -fqan
 output : /cms/Role=NULL/Capability=NULL
/cms/uscms/Role=NULL/Capability=NULL

 error: 
 retcode : 0
DEBUG 2017-12-09 17:07:07,319: 	 Registering user credentials for server /DC=ch/DC=cern/OU=computers/CN=vocms(045|052|021|031|0118|0118a|0119|0108|0105|0109).cern.ch
DEBUG 2017-12-09 17:07:07,427: 	 Executing : 
 command : openssl x509 -in ~/.globus/usercert.pem -subject -noout
 output : subject= /DC=ch/DC=cern/OU=Organic Units/OU=Users/CN=zhixing/CN=764028/CN=Zhixing Wang

 error: 
 retcode : 0
DEBUG 2017-12-09 17:07:07,427: 	 Getting myproxy life time left for myproxy.cern.ch
DEBUG 2017-12-09 17:07:07,427: 	 Calculating hash of /DC=ch/DC=cern/OU=Organic Units/OU=Users/CN=zhixing/CN=764028/CN=Zhixing Wang_cmsweb.cern.ch for credential name
DEBUG 2017-12-09 17:07:08,231: 	 Executing : 
 command : myproxy-info -l 4ee4034cd45d4b67464d1859f7b5d936a2b5fc13 -s myproxy.cern.ch
 output : username: 4ee4034cd45d4b67464d1859f7b5d936a2b5fc13
owner: /DC=ch/DC=cern/OU=Organic Units/OU=Users/CN=zhixing/CN=764028/CN=Zhixing Wang
  renewal policy: /DC=ch/DC=cern/OU=computers/CN=vocms(045|052|021|031|0118|0118a|0119|0108|0105|0109).cern.ch
  trusted retrieval policy: /DC=ch/DC=cern/OU=computers/CN=vocms(045|052|021|031|0118|0118a|0119|0108|0105|0109).cern.ch
  timeleft: 626:05:50  (26.1 days)

 error: 
 retcode : 0
DEBUG 2017-12-09 17:07:08,233: 	 Myproxy is valid: 2253950
DEBUG 2017-12-09 17:07:08,233: 	 Command use: submit
DEBUG 2017-12-09 17:07:08,233: 	 Options use: ['GravitonToQuark_8000.py']
DEBUG 2017-12-09 17:07:09,380: 	 CRABClient version: 3.3.1707.patch1
DEBUG 2017-12-09 17:07:09,380: 	 Instance is prod
DEBUG 2017-12-09 17:07:09,380: 	 Server base url is cmsweb.cern.ch
DEBUG 2017-12-09 17:07:09,380: 	 Command url /crabserver/prod/workflow
DEBUG 2017-12-09 17:07:09,380: 	 Started submission
DEBUG 2017-12-09 17:07:09,380: 	 Working on /uscms_data/d3/zwang2/WorkingArea4/CMSSW_8_0_25/src/CMSDIJET/DijetRootTreeMaker/crab_job/output/crab_GravitonToQuark_8000_fermi
DEBUG 2017-12-09 17:07:10,633: 	 Loading required information from the environment
DEBUG 2017-12-09 17:07:10,633: 	 Found CMSSW_8_0_25 for slc6_amd64_gcc530 with base /uscms_data/d3/zwang2/WorkingArea4/CMSSW_8_0_25
DEBUG 2017-12-09 17:07:10,633: 	 Loading required information from the environment
DEBUG 2017-12-09 17:07:10,633: 	 Found CMSSW_8_0_25 for slc6_amd64_gcc530 with base /uscms_data/d3/zwang2/WorkingArea4/CMSSW_8_0_25
DEBUG 2017-12-09 17:07:10,647: 	 UNIQUE NAME: tarUUID 7cb7434f-b352-4b1f-830f-171c9f8ac768 
DEBUG 2017-12-09 17:07:10,648: 	 self.config: from WMCore.Configuration import Configuration
config = Configuration()
config.section_('General')
config.General.workArea = '/uscms_data/d3/zwang2/WorkingArea4/CMSSW_8_0_25/src/CMSDIJET/DijetRootTreeMaker/crab_job/output/'
config.General.transferOutputs = True
config.General.transferLogs = True
config.General.requestName = 'GravitonToQuark_8000_fermi'
config.section_('JobType')
config.JobType.psetName = '/uscms_data/d3/zwang2/WorkingArea4/CMSSW_8_0_25/src/CMSDIJET/DijetRootTreeMaker/prod/flat-MC-cfg_miniAOD.py'
config.JobType.pluginName = 'Analysis'
config.section_('Data')
config.Data.inputDataset = '/RSGravitonToQuarkQuark_kMpl01_M_8000_TuneCUETP8M1_13TeV_pythia8/RunIISummer17MiniAOD-92X_upgrade2017_realistic_v10-v1/MINIAODSIM'
config.Data.outputDatasetTag = 'analysis'
config.Data.publication = False
config.Data.unitsPerJob = 1
config.Data.splitting = 'FileBased'
config.Data.lumiMask = 'json_DCSONLY.txt'
config.Data.outLFNDirBase = '/store/group/phys_exotica/dijet/Dijet13TeV/TylerW/'
config.section_('Site')
config.Site.blacklist = []
config.Site.storageSite = 'T3_US_FNALLPC'
config.section_('User')
config.section_('Debug')
config.Debug.extraJDL = ['+CMS_ALLOW_OVERFLOW=False']

DEBUG 2017-12-09 17:07:10,648: 	 self.config.JobType.psetName: /uscms_data/d3/zwang2/WorkingArea4/CMSSW_8_0_25/src/CMSDIJET/DijetRootTreeMaker/prod/flat-MC-cfg_miniAOD.py
INFO 2017-12-09 17:07:10,665: 	 Importing CMSSW configuration /uscms_data/d3/zwang2/WorkingArea4/CMSSW_8_0_25/src/CMSDIJET/DijetRootTreeMaker/prod/flat-MC-cfg_miniAOD.py
INFO 2017-12-09 17:07:14,861: 	 Finished importing CMSSW configuration /uscms_data/d3/zwang2/WorkingArea4/CMSSW_8_0_25/src/CMSDIJET/DijetRootTreeMaker/prod/flat-MC-cfg_miniAOD.py
DEBUG 2017-12-09 17:07:14,861: 	 Writing CMSSW configuration to /uscms_data/d3/zwang2/WorkingArea4/CMSSW_8_0_25/src/CMSDIJET/DijetRootTreeMaker/crab_job/output/crab_GravitonToQuark_8000_fermi/inputs/PSet.py
DEBUG 2017-12-09 17:07:16,290: 	 The following EDM output files will be collected: []
DEBUG 2017-12-09 17:07:16,290: 	 The following TFile output files will be collected: ['test.root']
DEBUG 2017-12-09 17:07:16,290: 	 The following user output files will be collected: []
DEBUG 2017-12-09 17:07:16,290: 	 Loading required information from the environment
DEBUG 2017-12-09 17:07:16,290: 	 Found CMSSW_8_0_25 for slc6_amd64_gcc530 with base /uscms_data/d3/zwang2/WorkingArea4/CMSSW_8_0_25
DEBUG 2017-12-09 17:07:16,290: 	 Making tarball in /uscms_data/d3/zwang2/WorkingArea4/CMSSW_8_0_25/src/CMSDIJET/DijetRootTreeMaker/crab_job/output/crab_GravitonToQuark_8000_fermi/inputs/7cb7434f-b352-4b1f-830f-171c9f8ac768default.tgz
DEBUG 2017-12-09 17:07:16,385: 	 Checking directory /uscms_data/d3/zwang2/WorkingArea4/CMSSW_8_0_25/lib
DEBUG 2017-12-09 17:07:16,385: 	 Adding directory /uscms_data/d3/zwang2/WorkingArea4/CMSSW_8_0_25/lib to tarball
DEBUG 2017-12-09 17:07:18,667: 	 Checking directory /uscms_data/d3/zwang2/WorkingArea4/CMSSW_8_0_25/biglib
DEBUG 2017-12-09 17:07:18,667: 	 Adding directory /uscms_data/d3/zwang2/WorkingArea4/CMSSW_8_0_25/biglib to tarball
DEBUG 2017-12-09 17:07:18,669: 	 Checking directory /uscms_data/d3/zwang2/WorkingArea4/CMSSW_8_0_25/module
DEBUG 2017-12-09 17:07:21,516: 	 Adding data directory /uscms_data/d3/zwang2/WorkingArea4/CMSSW_8_0_25/src/DeepNTuples/DeepNtuplizer/data to tarball
DEBUG 2017-12-09 17:07:21,767: 	 Adding data directory /uscms_data/d3/zwang2/WorkingArea4/CMSSW_8_0_25/src/DeepNTuples/DeepNtuplizer/interface to tarball
DEBUG 2017-12-09 17:07:21,911: 	 Adding data directory /uscms_data/d3/zwang2/WorkingArea4/CMSSW_8_0_25/src/DeepNTuples/JetAnalysis/interface to tarball
DEBUG 2017-12-09 17:07:21,951: 	 Adding data directory /uscms_data/d3/zwang2/WorkingArea4/CMSSW_8_0_25/src/DataFormats/BTauReco/interface to tarball
DEBUG 2017-12-09 17:07:22,195: 	 Adding data directory /uscms_data/d3/zwang2/WorkingArea4/CMSSW_8_0_25/src/PhysicsTools/PatAlgos/interface to tarball
DEBUG 2017-12-09 17:07:22,794: 	 Adding data directory /uscms_data/d3/zwang2/WorkingArea4/CMSSW_8_0_25/src/RecoBTag/SecondaryVertex/interface to tarball
DEBUG 2017-12-09 17:07:22,833: 	 Adding data directory /uscms_data/d3/zwang2/WorkingArea4/CMSSW_8_0_25/src/RecoBTag/DeepFlavour/data to tarball
DEBUG 2017-12-09 17:07:23,146: 	 Adding data directory /uscms_data/d3/zwang2/WorkingArea4/CMSSW_8_0_25/src/RecoBTag/LWTNN/interface to tarball
DEBUG 2017-12-09 17:07:26,959: 	 Adding data directory /uscms_data/d3/zwang2/WorkingArea4/CMSSW_8_0_25/src/CMSDIJET/DijetRootTreeMaker/data to tarball
DEBUG 2017-12-09 17:07:39,415: 	 Uploading archive /uscms_data/d3/zwang2/WorkingArea4/CMSSW_8_0_25/src/CMSDIJET/DijetRootTreeMaker/crab_job/output/crab_GravitonToQuark_8000_fermi/inputs/7cb7434f-b352-4b1f-830f-171c9f8ac768default.tgz (10 MB) to the CRAB cache. Using URI https://cmsweb.cern.ch/crabcache
DEBUG 2017-12-09 17:07:47,396: 	 Loading required information from the environment
DEBUG 2017-12-09 17:07:47,396: 	 Found CMSSW_8_0_25 for slc6_amd64_gcc530 with base /uscms_data/d3/zwang2/WorkingArea4/CMSSW_8_0_25
DEBUG 2017-12-09 17:07:47,396: 	 Making tarball in /uscms_data/d3/zwang2/WorkingArea4/CMSSW_8_0_25/src/CMSDIJET/DijetRootTreeMaker/crab_job/output/crab_GravitonToQuark_8000_fermi/inputs/debugFiles.tgz
DEBUG 2017-12-09 17:07:47,404: 	 Uploading archive /uscms_data/d3/zwang2/WorkingArea4/CMSSW_8_0_25/src/CMSDIJET/DijetRootTreeMaker/crab_job/output/crab_GravitonToQuark_8000_fermi/inputs/debugFiles.tgz (3 KB) to the CRAB cache. Using URI https://cmsweb.cern.ch/crabcache
DEBUG 2017-12-09 17:07:48,723: 	 Result uploading input files: 710984d6862149583a9d5eb0886226b2c32e0cc54be130a28c5256671a20bc9e.tar.gz 
DEBUG 2017-12-09 17:07:48,723: 	 Attaching lumi mask json_DCSONLY.txt to the request
DEBUG 2017-12-09 17:07:48,723: 	 Reading lumi-mask from json_DCSONLY.txt
INFO 2017-12-09 17:07:48,731: 	 Sending the request to the server
DEBUG 2017-12-09 17:07:48,732: 	 Submitting {'maxjobruntime': 1250, 'extrajdl': ['+CMS_ALLOW_OVERFLOW=False'], 'ignorelocality': 0, 'savelogsflag': 1, 'useparent': 0, 'asyncdest': 'T3_US_FNALLPC', 'algoargs': 1, 'cachefilename': '710984d6862149583a9d5eb0886226b2c32e0cc54be130a28c5256671a20bc9e.tar.gz', 'numcores': 1, 'addoutputfiles': [], 'generator': 'pythia', 'maxmemory': 2000, 'publishdbsurl': 'https://cmsweb.cern.ch/dbs/prod/phys03/DBSWriter', 'priority': 10, 'jobsw': 'CMSSW_8_0_25', 'edmoutfiles': [], 'userfiles': [], 'primarydataset': '', 'inputdata': '/RSGravitonToQuarkQuark_kMpl01_M_8000_TuneCUETP8M1_13TeV_pythia8/RunIISummer17MiniAOD-92X_upgrade2017_realistic_v10-v1/MINIAODSIM', 'lfn': '/store/group/phys_exotica/dijet/Dijet13TeV/TylerW/', 'dryrun': 0, 'workflow': 'crab_GravitonToQuark_8000_fermi', 'cacheurl': u'https://cmsweb.cern.ch/crabcache', 'runs': [u'272007', u'272008', u'272010', u'272011', u'272012', u'272014', u'272016', u'272017', u'272019', u'272021', u'272022', u'272760', u'272761', u'272762', u'272774', u'272775', u'272776', u'272782', u'272783', u'272784', u'272785', u'272786', u'272798', u'272811', u'272812', u'272814', u'272815', u'272816', u'272818', u'272827', u'272828', u'272922', u'272923', u'272924', u'272925', u'272926', u'272927', u'272930', u'272936', u'273013', u'273017', u'273150', u'273158', u'273290', u'273291', u'273292', u'273294', u'273295', u'273299', u'273301', u'273302', u'273402', u'273403', u'273404', u'273405', u'273406', u'273407', u'273408', u'273409', u'273410', u'273411', u'273425', u'273426', u'273445', u'273446', u'273447', u'273448', u'273449', u'273450', u'273492', u'273493', u'273494', u'273502', u'273503', u'273522', u'273523', u'273526', u'273531', u'273537', u'273554', u'273555', u'273588', u'273589', u'273590', u'273591', u'273592', u'273593', u'273725', u'273728', u'273730', u'274094', u'274100', u'274102', u'274103', u'274104', u'274105', u'274106', u'274107', u'274108', u'274142', u'274146', u'274157', u'274159', u'274160', u'274161', u'274172', u'274198', u'274199', u'274200', u'274240', u'274241', u'274243', u'274244', u'274250', u'274251', u'274282', u'274283', u'274284', u'274285', u'274286', u'274314', u'274315', u'274316', u'274317', u'274318', u'274319', u'274335', u'274336', u'274337', u'274338', u'274339', u'274344', u'274345', u'274382', u'274387', u'274388', u'274420', u'274421', u'274422', u'274440', u'274441', u'274442', u'274443', u'274954', u'274955', u'274956', u'274957', u'274958', u'274959', u'274967', u'274968', u'274969', u'274970', u'274971', u'274998', u'274999', u'275000', u'275001', u'275059', u'275062', u'275063', u'275064', u'275066', u'275067', u'275068', u'275073', u'275074', u'275124', u'275125', u'275282', u'275283', u'275284', u'275285', u'275286', u'275289', u'275290', u'275291', u'275292', u'275293', u'275309', u'275310', u'275311', u'275319', u'275337', u'275338', u'275344', u'275345', u'275370', u'275371', u'275375', u'275376', u'275656', u'275657', u'275658', u'275659', u'275757', u'275758', u'275759', u'275761', u'275763', u'275764', u'275766', u'275767', u'275768', u'275772', u'275773', u'275774', u'275776', u'275777', u'275778', u'275781', u'275782', u'275828', u'275829', u'275831', u'275832', u'275833', u'275834', u'275835', u'275836', u'275837', u'275841', u'275846', u'275847', u'275886', u'275887', u'275890', u'275911', u'275912', u'275913', u'275918', u'275920', u'275921', u'275922', u'275923', u'275931', u'275963', u'276062', u'276063', u'276064', u'276092', u'276095', u'276097', u'276242', u'276243', u'276244', u'276282', u'276283', u'276315', u'276317', u'276318', u'276326', u'276327', u'276352', u'276355', u'276357', u'276361', u'276363', u'276384', u'276437', u'276453', u'276454', u'276458', u'276495', u'276501', u'276502', u'276525', u'276527', u'276528', u'276542', u'276543', u'276544', u'276545', u'276581', u'276582', u'276583', u'276584', u'276585', u'276586', u'276587', u'276653', u'276655', u'276659', u'276775', u'276776', u'276794', u'276807', u'276808', u'276810', u'276811', u'276831', u'276832', u'276834', u'276836', u'276837', u'276870', u'276935', u'276940', u'276941', u'276942', u'276944', u'276945', u'276946', u'276947', u'276948', u'276950', u'277069', u'277070', u'277071', u'277072', u'277073', u'277075', u'277076', u'277087', u'277093', u'277094', u'277096', u'277112', u'277126', u'277127', u'277148', u'277166', u'277168', u'277180', u'277194', u'277202', u'277217', u'277218', u'277219', u'277220', u'277305', u'277420', u'277932', u'277934', u'277935', u'277981', u'277982', u'277983', u'277984', u'277985', u'277990', u'277991', u'277992', u'278017', u'278018', u'278167', u'278175', u'278193', u'278239', u'278240', u'278273', u'278274', u'278288', u'278289', u'278290', u'278308', u'278309', u'278310', u'278315', u'278345', u'278346', u'278349', u'278366', u'278406', u'278509', u'278761', u'278769', u'278770', u'278801', u'278802', u'278803', u'278804', u'278805', u'278806', u'278807', u'278808', u'278820', u'278821', u'278822', u'278873', u'278874', u'278875', u'278923', u'278957', u'278962', u'278963', u'278969', u'278975', u'278976', u'278986', u'279024', u'279029', u'279071', u'279080', u'279115', u'279116', u'279473', u'279479', u'279480', u'279488', u'279489', u'279588', u'279653', u'279654', u'279656', u'279658', u'279667', u'279681', u'279682', u'279683', u'279684', u'279685', u'279691', u'279694', u'279715', u'279716', u'279760', u'279766', u'279767', u'279794', u'279823', u'279841', u'279844', u'279887', u'279931', u'279966', u'279975', u'279993', u'279994', u'279995', u'280001', u'280002', u'280006', u'280007', u'280013', u'280014', u'280015', u'280016', u'280017', u'280018', u'280019', u'280020', u'280021', u'280022', u'280023', u'280024', u'280187', u'280188', u'280189', u'280190', u'280191', u'280192', u'280194', u'280242', u'280249', u'280251', u'280327', u'280330', u'280349', u'280361', u'280363', u'280364', u'280383', u'280384', u'280385', u'281613', u'281616', u'281638', u'281639', u'281641', u'281663', u'281671', u'281674', u'281680', u'281685', u'281686', u'281689', u'281691', u'281693', u'281707', u'281726', u'281727', u'281797', u'281974', u'281975', u'281976', u'282033', u'282034', u'282035', u'282037', u'282092', u'282663', u'282707', u'282708', u'282709', u'282710', u'282711', u'282712', u'282730', u'282731', u'282732', u'282733', u'282734', u'282735', u'282799', u'282800', u'282807', u'282814', u'282842', u'282917', u'282918', u'282919', u'282922', u'282923', u'282924', u'283042', u'283043', u'283049', u'283050', u'283052', u'283059', u'283270', u'283283', u'283305', u'283306', u'283307', u'283308', u'283353', u'283358', u'283359', u'283407', u'283408', u'283413', u'283415', u'283416', u'283453', u'283469', u'283478', u'283548', u'283672', u'283675', u'283676', u'283680', u'283681', u'283682', u'283685', u'283820', u'283830', u'283834', u'283835', u'283863', u'283865', u'283876', u'283877', u'283884', u'283885', u'283933', u'283934', u'283946', u'283964', u'284006', u'284014', u'284025', u'284029', u'284035', u'284036', u'284037', u'284038', u'284039', u'284040', u'284041', u'284042', u'284043', u'284044', u'285090', u'285216', u'285244', u'285368', u'285369', u'285371', u'285374', u'285383', u'285479', u'285480', u'285505', u'285517', u'285530', u'285537', u'285538', u'285539', u'285549', u'285684', u'285718', u'285726', u'285750', u'285759', u'285832', u'285952', u'285953', u'285954', u'285955', u'285956', u'285975', u'285993', u'285994', u'285995', u'286009', u'286010', u'286023', u'286031', u'286033', u'286034', u'286051', u'286054', u'286069', u'286070', u'286178', u'286200', u'286201', u'286288', u'286301', u'286302', u'286309', u'286314', u'286327', u'286328', u'286329', u'286365', u'286420', u'286422', u'286424', u'286425', u'286441', u'286442', u'286450', u'286471', u'286496', u'286514', u'286515', u'286516', u'286517', u'286518', u'286519', u'286520'], 'lumis': ['1,6', '1,5,10,35', '1,24', '1,30,32,38,42,90,93,107,110,116,119,132,135,147,150,189,191,202', '1,27,30,41,44,55,57,68,71,82,85,96,99,112,116,148,150,158,160,168,170,185,187,193,195,201,204,214', '1,10,12,19,21,28,32,39,41,47,50,56,58,82,84,91,93,99,101,108,110,125', '1,9,12,18,21,27,29,36,38,48', '1,2', '1,22', '1,125', '1,69', '66,86', '1,85', '1,108', '99,112', '1,204', '1,105', '80,113', '1,151', '1,305', '1,149', '1,59', '91,1800', '95,189', '1,380', '1,9', '1,22', '1,35', '1,620', '98,111', '1,59', '15,34', '1,32', '1,22', '1,9', '1,22', '1,73', '1,164', '25,379', '26,330', '1,928', '64,75', '1,1283', '10,22', '1,83', '1,21', '1,8', '1,11', '1,47', '1,614', '1,459', '100,292', '1,68', '1,22', '1,34', '1,125', '1,9', '1,9', '1,317', '1,99', '1,29', '62,742', '1,65', '7,9', '1,48', '1,420', '1,396', '1,216', '1,647', '71,343', '1,241', '1,192', '73,1077', '1,598', '79,121', '1,228', '1,34', '1,280', '1,779', '77,446', '1,173', '46,73', '1,137', '1,176', '1,409', '1,176', '1,175', '83,2556', '1,112', '1,2810', '105,332', '165,936', '1,9', '1,9', '1,45', '1,22', '1,21', '1,10', '1,5', '101,102', '1,73', '105,537', '1,47', '1,214', '1,516', '31,95', '81,192', '1,630', '1,678', '1,86', '1,1180', '1,10', '1,607', '1,704', '1,546', '88,88', '1,22', '1,215', '1,7', '1,154', '97,165', '1,432', '1,974', '1,22', '1,11', '1,225', '60,1013', '1,20', '1,22', '1,703', '1,99', '1,639', '1,170', '94,144', '88,447', '1,1820', '93,268', '1,356', '1,2207', '92,498', '1,443', '1,757', '1,50', '37,60', '1,98', '1,176', '1,42', '1,291,324,332', '1,304', '1,47', '1,1206', '1,1007', '1,47', '1,905', '63,794', '1,1257', '1,140', '1,2061', '78,150', '1,8', '1,17', '1,34', '1,111', '1,396', '1,922', '1,523', '1,647', '106,433', '1,989', '90,185', '1,137', '1,112', '1,9', '1,87', '1,22', '1,150', '1,356', '1,125', '1,201', '55,627', '1,1939', '1,1253', '141,292', '1,433', '1,520', '76,368', '1,353', '81,371', '1,569', '127,1453', '1,3096', '125,136', '1,111', '1,344', '1,17', '106,137', '1,8', '1,34', '1,11', '1,18', '1,34', '1,60', '1,8', '1,85', '1,61', '1,21', '1,317', '1,149', '1,304', '1,319', '1,34', '1,762', '69,150', '1,47', '1,99', '1,371', '1,254', '1,303', '1,20', '1,1306', '1,186,198,726', '1,60', '1,8', '1,2263', '70,125', '1,48', '1,1393', '62,445', '1,303', '1,484', '1,369', '1,472', '1,32', '1,8', '1,137', '1,89', '82,172', '1,9', '1,9', '1,34', '74,153', '1,8', '1,507', '1,1669', '1,627', '1,1202', '75,1151', '1,1087', '40,227', '1,147', '1,577', '1,9', '1,60', '1,47', '1,34', '1,74', '1,844', '1,1489', '1,1117', '63,2209', '1,7,11,125', '1,527', '1,341', '87,279', '1,2556', '1,741', '87,2904', '1,214', '1,394', '74,858', '1,961', '1,163', '1,213', '79,447', '1,873', '1,60', '1,2', '1,253', '1,658,680,781', '1,1006', '72,562', '1,1114', '1,252', '96,1269', '1,1823', '1,885', '66,227', '1,883', '1,291', '1,2563', '64,2711', '1,73', '1,729', '1,21', '1,40', '78,3484', '79,906', '70,214', '1,21', '1,15', '1,21', '1,8', '1,34', '1,150', '1,481', '1,2353', '81,394', '1,1063', '1,178', '1,484', '1,98', '1,9', '1,1037', '196,1191', '73,75', '1,598', '1,2093', '1,155', '42,60', '1,902', '83,715', '77,433', '1,2223', '88,228', '113,139,144,2070', '1,522', '14,14,33,47', '1,134', '1,10', '1,192,254,271', '62,744', '84,346', '115,132', '1,8', '1,128', '82,163', '1,150', '1,21', '1,29', '1,8', '1,113,115,202', '1,98', '1,312', '77,600', '1,1181', '87,2260', '1,88', '77,231', '76,754', '1,1309', '75,114', '1,85', '67,84', '1,60', '1,11', '87,1885', '1,21', '1,709', '73,767', '84,833', '1,150', '1,639', '1,453', '85,1682', '91,1557', '105,114', '75,111', '1,767', '48,92', '1,21', '1,330', '1,8', '1,291', '1,6', '1,8', '1,1793', '17,1540', '1,46', '1,1627', '70,136', '1,484', '1,834', '55,467', '79,227', '68,418', '1,175', '70,1465', '1,857', '1,20', '71,199', '82,382', '1,260', '71,244', '68,224', '118,524', '38,485', '129,365', '86,190', '1,9', '1,34', '1,118', '100,1259', '75,268', '1,1231,1285,1307', '1,43,82,87', '1,713', '68,1033', '77,111', '1,47', '1,34', '1,34', '1,209', '71,124', '1,2235', '71,691', '1,1653', '68,806', '1,1694', '1,776', '77,1100', '61,395', '75,2122', '72,304', '79,397', '84,3022', '79,441', '70,1121', '85,163', '1,59', '1,21', '1,8', '1,111', '1,73', '1,36', '1,34', '1,8', '1,584', '1,163', '1,613', '1,1282', '1,8', '1,47', '1,8', '1,7', '1,8', '1,427', '4,70', '1,253', '1,8', '1,9', '1,909', '1,9', '1,238', '1,639', '1,1437', '1,372', '49,98', '1,870', '1,639', '1,10', '1,367', '1,1090,1102,1363', '64,73', '1,47', '1,2022', '101,903', '98,451', '1,23', '1,136', '1,319', '63,176', '1,8', '1,47', '1,34', '1,8', '1,21', '1,9', '1,21', '1,2191', '99,1065,1087,1089', '1,291', '1,1605', '125,2176', '81,85', '1,215', '1,2166', '82,124', '1,35', '1,47', '1,1862', '92,2276', '92,1101', '81,85', '1,8', '1,8', '1,9', '1,8', '1,68', '89,171', '1,176', '1,73', '1,178', '1,330', '1,1823', '1,8', '1,382', '1,330', '1,1843', '1,80', '117,201', '1,59', '1,243', '1,137', '1,229', '1,1', '1,10', '1,519', '82,98', '1,227', '1,124', '1,458', '76,1913', '1,1748', '79,93', '1,291', '1,461', '1,971', '80,832', '1,986', '1,428', '82,124', '1,2125,2202,2416,2528,2543', '1,8', '1,7', '1,245', '83,537', '74,74', '76,973', '144,291', '83,85', '1,60', '1,47', '1,87', '1,23', '1,389', '1,314', '67,1552', '1,729', '1,85', '1,112', '1,20', '1,1177', '65,736', '1,1496', '349,756', '1,1723', '88,240', '1,1291', '85,1462', '1,388', '73,394', '1,266', '109,162', '1,112', '1,369', '1,356', '1,343', '1,60', '1,34', '1,35', '1,47', '1,137', '1,227', '1,30', '59,368', '32,3199', '12,4203', '32,498', '1,935', '1,767', '1,107', '25,1191', '1,8', '1,797', '94,528', '96,1572', '67,1540', '73,330', '1,124', '1,751', '112,414', '31,1151', '89,290', '1,481', '1,1239', '64,460', '79,1557', '23,33', '1,9', '1,21', '1,9', '1,36', '65,447', '71,1112', '1,47', '1,105', '58,279', '1,1179', '76,863', '63,316', '1,98', '1,710', '66,416', '1,638', '85,446', '1,99', '82,679', '116,214', '1,137', '74,104', '48,472', '1,331', '1,21', '1,120', '96,126', '1,7', '1,122', '78,680', '78,98', '1,21', '1,8', '1,863', '99,111', '1,461', '95,1026', '82,901', '84,417', '1,60', '1,68', '1,460', '1,189', '1,111', '1,935', '1,1187'], 'nonprodsw': 0, 'tfileoutfiles': ['test.root'], 'oneEventMode': 0, 'debugfilename': '575f7f78be831c5a0df9aaed1f66b29cd0c4bf2c17e8b98582e7af1563feeedf.tar.gz', 'saveoutput': 1, 'publication': 0, 'jobarch': 'slc6_amd64_gcc530', 'totalunits': 0, 'splitalgo': 'FileBased', 'ignoreglobalblacklist': 0, 'nonvaliddata': 0, 'dbsurl': 'https://cmsweb.cern.ch/dbs/prod/global/DBSReader', 'publishgroupname': 0, 'jobtype': 'Analysis', 'siteblacklist': [], 'publishname2': 'analysis'} 
DEBUG 2017-12-09 17:07:48,737: 	 Encoded submit request: maxjobruntime=1250&ignorelocality=0&savelogsflag=1&useparent=0&asyncdest=T3_US_FNALLPC&algoargs=1&cachefilename=710984d6862149583a9d5eb0886226b2c32e0cc54be130a28c5256671a20bc9e.tar.gz&numcores=1&generator=pythia&maxmemory=2000&publishdbsurl=https%3A%2F%2Fcmsweb.cern.ch%2Fdbs%2Fprod%2Fphys03%2FDBSWriter&priority=10&jobsw=CMSSW_8_0_25&primarydataset=&inputdata=%2FRSGravitonToQuarkQuark_kMpl01_M_8000_TuneCUETP8M1_13TeV_pythia8%2FRunIISummer17MiniAOD-92X_upgrade2017_realistic_v10-v1%2FMINIAODSIM&lfn=%2Fstore%2Fgroup%2Fphys_exotica%2Fdijet%2FDijet13TeV%2FTylerW%2F&dryrun=0&workflow=crab_GravitonToQuark_8000_fermi&cacheurl=https%3A%2F%2Fcmsweb.cern.ch%2Fcrabcache&nonprodsw=0&oneEventMode=0&debugfilename=575f7f78be831c5a0df9aaed1f66b29cd0c4bf2c17e8b98582e7af1563feeedf.tar.gz&saveoutput=1&publication=0&jobarch=slc6_amd64_gcc530&totalunits=0&splitalgo=FileBased&ignoreglobalblacklist=0&nonvaliddata=0&dbsurl=https%3A%2F%2Fcmsweb.cern.ch%2Fdbs%2Fprod%2Fglobal%2FDBSReader&publishgroupname=0&jobtype=Analysis&publishname2=analysis&tfileoutfiles=test.root&runs=272007&runs=272008&runs=272010&runs=272011&runs=272012&runs=272014&runs=272016&runs=272017&runs=272019&runs=272021&runs=272022&runs=272760&runs=272761&runs=272762&runs=272774&runs=272775&runs=272776&runs=272782&runs=272783&runs=272784&runs=272785&runs=272786&runs=272798&runs=272811&runs=272812&runs=272814&runs=272815&runs=272816&runs=272818&runs=272827&runs=272828&runs=272922&runs=272923&runs=272924&runs=272925&runs=272926&runs=272927&runs=272930&runs=272936&runs=273013&runs=273017&runs=273150&runs=273158&runs=273290&runs=273291&runs=273292&runs=273294&runs=273295&runs=273299&runs=273301&runs=273302&runs=273402&runs=273403&runs=273404&runs=273405&runs=273406&runs=273407&runs=273408&runs=273409&runs=273410&runs=273411&runs=273425&runs=273426&runs=273445&runs=273446&runs=273447&runs=273448&runs=273449&runs=273450&runs=273492&runs=273493&runs=273494&runs=273502&runs=273503&runs=273522&runs=273523&runs=273526&runs=273531&runs=273537&runs=273554&runs=273555&runs=273588&runs=273589&runs=273590&runs=273591&runs=273592&runs=273593&runs=273725&runs=273728&runs=273730&runs=274094&runs=274100&runs=274102&runs=274103&runs=274104&runs=274105&runs=274106&runs=274107&runs=274108&runs=274142&runs=274146&runs=274157&runs=274159&runs=274160&runs=274161&runs=274172&runs=274198&runs=274199&runs=274200&runs=274240&runs=274241&runs=274243&runs=274244&runs=274250&runs=274251&runs=274282&runs=274283&runs=274284&runs=274285&runs=274286&runs=274314&runs=274315&runs=274316&runs=274317&runs=274318&runs=274319&runs=274335&runs=274336&runs=274337&runs=274338&runs=274339&runs=274344&runs=274345&runs=274382&runs=274387&runs=274388&runs=274420&runs=274421&runs=274422&runs=274440&runs=274441&runs=274442&runs=274443&runs=274954&runs=274955&runs=274956&runs=274957&runs=274958&runs=274959&runs=274967&runs=274968&runs=274969&runs=274970&runs=274971&runs=274998&runs=274999&runs=275000&runs=275001&runs=275059&runs=275062&runs=275063&runs=275064&runs=275066&runs=275067&runs=275068&runs=275073&runs=275074&runs=275124&runs=275125&runs=275282&runs=275283&runs=275284&runs=275285&runs=275286&runs=275289&runs=275290&runs=275291&runs=275292&runs=275293&runs=275309&runs=275310&runs=275311&runs=275319&runs=275337&runs=275338&runs=275344&runs=275345&runs=275370&runs=275371&runs=275375&runs=275376&runs=275656&runs=275657&runs=275658&runs=275659&runs=275757&runs=275758&runs=275759&runs=275761&runs=275763&runs=275764&runs=275766&runs=275767&runs=275768&runs=275772&runs=275773&runs=275774&runs=275776&runs=275777&runs=275778&runs=275781&runs=275782&runs=275828&runs=275829&runs=275831&runs=275832&runs=275833&runs=275834&runs=275835&runs=275836&runs=275837&runs=275841&runs=275846&runs=275847&runs=275886&runs=275887&runs=275890&runs=275911&runs=275912&runs=275913&runs=275918&runs=275920&runs=275921&runs=275922&runs=275923&runs=275931&runs=275963&runs=276062&runs=276063&runs=276064&runs=276092&runs=276095&runs=276097&runs=276242&runs=276243&runs=276244&runs=276282&runs=276283&runs=276315&runs=276317&runs=276318&runs=276326&runs=276327&runs=276352&runs=276355&runs=276357&runs=276361&runs=276363&runs=276384&runs=276437&runs=276453&runs=276454&runs=276458&runs=276495&runs=276501&runs=276502&runs=276525&runs=276527&runs=276528&runs=276542&runs=276543&runs=276544&runs=276545&runs=276581&runs=276582&runs=276583&runs=276584&runs=276585&runs=276586&runs=276587&runs=276653&runs=276655&runs=276659&runs=276775&runs=276776&runs=276794&runs=276807&runs=276808&runs=276810&runs=276811&runs=276831&runs=276832&runs=276834&runs=276836&runs=276837&runs=276870&runs=276935&runs=276940&runs=276941&runs=276942&runs=276944&runs=276945&runs=276946&runs=276947&runs=276948&runs=276950&runs=277069&runs=277070&runs=277071&runs=277072&runs=277073&runs=277075&runs=277076&runs=277087&runs=277093&runs=277094&runs=277096&runs=277112&runs=277126&runs=277127&runs=277148&runs=277166&runs=277168&runs=277180&runs=277194&runs=277202&runs=277217&runs=277218&runs=277219&runs=277220&runs=277305&runs=277420&runs=277932&runs=277934&runs=277935&runs=277981&runs=277982&runs=277983&runs=277984&runs=277985&runs=277990&runs=277991&runs=277992&runs=278017&runs=278018&runs=278167&runs=278175&runs=278193&runs=278239&runs=278240&runs=278273&runs=278274&runs=278288&runs=278289&runs=278290&runs=278308&runs=278309&runs=278310&runs=278315&runs=278345&runs=278346&runs=278349&runs=278366&runs=278406&runs=278509&runs=278761&runs=278769&runs=278770&runs=278801&runs=278802&runs=278803&runs=278804&runs=278805&runs=278806&runs=278807&runs=278808&runs=278820&runs=278821&runs=278822&runs=278873&runs=278874&runs=278875&runs=278923&runs=278957&runs=278962&runs=278963&runs=278969&runs=278975&runs=278976&runs=278986&runs=279024&runs=279029&runs=279071&runs=279080&runs=279115&runs=279116&runs=279473&runs=279479&runs=279480&runs=279488&runs=279489&runs=279588&runs=279653&runs=279654&runs=279656&runs=279658&runs=279667&runs=279681&runs=279682&runs=279683&runs=279684&runs=279685&runs=279691&runs=279694&runs=279715&runs=279716&runs=279760&runs=279766&runs=279767&runs=279794&runs=279823&runs=279841&runs=279844&runs=279887&runs=279931&runs=279966&runs=279975&runs=279993&runs=279994&runs=279995&runs=280001&runs=280002&runs=280006&runs=280007&runs=280013&runs=280014&runs=280015&runs=280016&runs=280017&runs=280018&runs=280019&runs=280020&runs=280021&runs=280022&runs=280023&runs=280024&runs=280187&runs=280188&runs=280189&runs=280190&runs=280191&runs=280192&runs=280194&runs=280242&runs=280249&runs=280251&runs=280327&runs=280330&runs=280349&runs=280361&runs=280363&runs=280364&runs=280383&runs=280384&runs=280385&runs=281613&runs=281616&runs=281638&runs=281639&runs=281641&runs=281663&runs=281671&runs=281674&runs=281680&runs=281685&runs=281686&runs=281689&runs=281691&runs=281693&runs=281707&runs=281726&runs=281727&runs=281797&runs=281974&runs=281975&runs=281976&runs=282033&runs=282034&runs=282035&runs=282037&runs=282092&runs=282663&runs=282707&runs=282708&runs=282709&runs=282710&runs=282711&runs=282712&runs=282730&runs=282731&runs=282732&runs=282733&runs=282734&runs=282735&runs=282799&runs=282800&runs=282807&runs=282814&runs=282842&runs=282917&runs=282918&runs=282919&runs=282922&runs=282923&runs=282924&runs=283042&runs=283043&runs=283049&runs=283050&runs=283052&runs=283059&runs=283270&runs=283283&runs=283305&runs=283306&runs=283307&runs=283308&runs=283353&runs=283358&runs=283359&runs=283407&runs=283408&runs=283413&runs=283415&runs=283416&runs=283453&runs=283469&runs=283478&runs=283548&runs=283672&runs=283675&runs=283676&runs=283680&runs=283681&runs=283682&runs=283685&runs=283820&runs=283830&runs=283834&runs=283835&runs=283863&runs=283865&runs=283876&runs=283877&runs=283884&runs=283885&runs=283933&runs=283934&runs=283946&runs=283964&runs=284006&runs=284014&runs=284025&runs=284029&runs=284035&runs=284036&runs=284037&runs=284038&runs=284039&runs=284040&runs=284041&runs=284042&runs=284043&runs=284044&runs=285090&runs=285216&runs=285244&runs=285368&runs=285369&runs=285371&runs=285374&runs=285383&runs=285479&runs=285480&runs=285505&runs=285517&runs=285530&runs=285537&runs=285538&runs=285539&runs=285549&runs=285684&runs=285718&runs=285726&runs=285750&runs=285759&runs=285832&runs=285952&runs=285953&runs=285954&runs=285955&runs=285956&runs=285975&runs=285993&runs=285994&runs=285995&runs=286009&runs=286010&runs=286023&runs=286031&runs=286033&runs=286034&runs=286051&runs=286054&runs=286069&runs=286070&runs=286178&runs=286200&runs=286201&runs=286288&runs=286301&runs=286302&runs=286309&runs=286314&runs=286327&runs=286328&runs=286329&runs=286365&runs=286420&runs=286422&runs=286424&runs=286425&runs=286441&runs=286442&runs=286450&runs=286471&runs=286496&runs=286514&runs=286515&runs=286516&runs=286517&runs=286518&runs=286519&runs=286520&lumis=1%2C6&lumis=1%2C5%2C10%2C35&lumis=1%2C24&lumis=1%2C30%2C32%2C38%2C42%2C90%2C93%2C107%2C110%2C116%2C119%2C132%2C135%2C147%2C150%2C189%2C191%2C202&lumis=1%2C27%2C30%2C41%2C44%2C55%2C57%2C68%2C71%2C82%2C85%2C96%2C99%2C112%2C116%2C148%2C150%2C158%2C160%2C168%2C170%2C185%2C187%2C193%2C195%2C201%2C204%2C214&lumis=1%2C10%2C12%2C19%2C21%2C28%2C32%2C39%2C41%2C47%2C50%2C56%2C58%2C82%2C84%2C91%2C93%2C99%2C101%2C108%2C110%2C125&lumis=1%2C9%2C12%2C18%2C21%2C27%2C29%2C36%2C38%2C48&lumis=1%2C2&lumis=1%2C22&lumis=1%2C125&lumis=1%2C69&lumis=66%2C86&lumis=1%2C85&lumis=1%2C108&lumis=99%2C112&lumis=1%2C204&lumis=1%2C105&lumis=80%2C113&lumis=1%2C151&lumis=1%2C305&lumis=1%2C149&lumis=1%2C59&lumis=91%2C1800&lumis=95%2C189&lumis=1%2C380&lumis=1%2C9&lumis=1%2C22&lumis=1%2C35&lumis=1%2C620&lumis=98%2C111&lumis=1%2C59&lumis=15%2C34&lumis=1%2C32&lumis=1%2C22&lumis=1%2C9&lumis=1%2C22&lumis=1%2C73&lumis=1%2C164&lumis=25%2C379&lumis=26%2C330&lumis=1%2C928&lumis=64%2C75&lumis=1%2C1283&lumis=10%2C22&lumis=1%2C83&lumis=1%2C21&lumis=1%2C8&lumis=1%2C11&lumis=1%2C47&lumis=1%2C614&lumis=1%2C459&lumis=100%2C292&lumis=1%2C68&lumis=1%2C22&lumis=1%2C34&lumis=1%2C125&lumis=1%2C9&lumis=1%2C9&lumis=1%2C317&lumis=1%2C99&lumis=1%2C29&lumis=62%2C742&lumis=1%2C65&lumis=7%2C9&lumis=1%2C48&lumis=1%2C420&lumis=1%2C396&lumis=1%2C216&lumis=1%2C647&lumis=71%2C343&lumis=1%2C241&lumis=1%2C192&lumis=73%2C1077&lumis=1%2C598&lumis=79%2C121&lumis=1%2C228&lumis=1%2C34&lumis=1%2C280&lumis=1%2C779&lumis=77%2C446&lumis=1%2C173&lumis=46%2C73&lumis=1%2C137&lumis=1%2C176&lumis=1%2C409&lumis=1%2C176&lumis=1%2C175&lumis=83%2C2556&lumis=1%2C112&lumis=1%2C2810&lumis=105%2C332&lumis=165%2C936&lumis=1%2C9&lumis=1%2C9&lumis=1%2C45&lumis=1%2C22&lumis=1%2C21&lumis=1%2C10&lumis=1%2C5&lumis=101%2C102&lumis=1%2C73&lumis=105%2C537&lumis=1%2C47&lumis=1%2C214&lumis=1%2C516&lumis=31%2C95&lumis=81%2C192&lumis=1%2C630&lumis=1%2C678&lumis=1%2C86&lumis=1%2C1180&lumis=1%2C10&lumis=1%2C607&lumis=1%2C704&lumis=1%2C546&lumis=88%2C88&lumis=1%2C22&lumis=1%2C215&lumis=1%2C7&lumis=1%2C154&lumis=97%2C165&lumis=1%2C432&lumis=1%2C974&lumis=1%2C22&lumis=1%2C11&lumis=1%2C225&lumis=60%2C1013&lumis=1%2C20&lumis=1%2C22&lumis=1%2C703&lumis=1%2C99&lumis=1%2C639&lumis=1%2C170&lumis=94%2C144&lumis=88%2C447&lumis=1%2C1820&lumis=93%2C268&lumis=1%2C356&lumis=1%2C2207&lumis=92%2C498&lumis=1%2C443&lumis=1%2C757&lumis=1%2C50&lumis=37%2C60&lumis=1%2C98&lumis=1%2C176&lumis=1%2C42&lumis=1%2C291%2C324%2C332&lumis=1%2C304&lumis=1%2C47&lumis=1%2C1206&lumis=1%2C1007&lumis=1%2C47&lumis=1%2C905&lumis=63%2C794&lumis=1%2C1257&lumis=1%2C140&lumis=1%2C2061&lumis=78%2C150&lumis=1%2C8&lumis=1%2C17&lumis=1%2C34&lumis=1%2C111&lumis=1%2C396&lumis=1%2C922&lumis=1%2C523&lumis=1%2C647&lumis=106%2C433&lumis=1%2C989&lumis=90%2C185&lumis=1%2C137&lumis=1%2C112&lumis=1%2C9&lumis=1%2C87&lumis=1%2C22&lumis=1%2C150&lumis=1%2C356&lumis=1%2C125&lumis=1%2C201&lumis=55%2C627&lumis=1%2C1939&lumis=1%2C1253&lumis=141%2C292&lumis=1%2C433&lumis=1%2C520&lumis=76%2C368&lumis=1%2C353&lumis=81%2C371&lumis=1%2C569&lumis=127%2C1453&lumis=1%2C3096&lumis=125%2C136&lumis=1%2C111&lumis=1%2C344&lumis=1%2C17&lumis=106%2C137&lumis=1%2C8&lumis=1%2C34&lumis=1%2C11&lumis=1%2C18&lumis=1%2C34&lumis=1%2C60&lumis=1%2C8&lumis=1%2C85&lumis=1%2C61&lumis=1%2C21&lumis=1%2C317&lumis=1%2C149&lumis=1%2C304&lumis=1%2C319&lumis=1%2C34&lumis=1%2C762&lumis=69%2C150&lumis=1%2C47&lumis=1%2C99&lumis=1%2C371&lumis=1%2C254&lumis=1%2C303&lumis=1%2C20&lumis=1%2C1306&lumis=1%2C186%2C198%2C726&lumis=1%2C60&lumis=1%2C8&lumis=1%2C2263&lumis=70%2C125&lumis=1%2C48&lumis=1%2C1393&lumis=62%2C445&lumis=1%2C303&lumis=1%2C484&lumis=1%2C369&lumis=1%2C472&lumis=1%2C32&lumis=1%2C8&lumis=1%2C137&lumis=1%2C89&lumis=82%2C172&lumis=1%2C9&lumis=1%2C9&lumis=1%2C34&lumis=74%2C153&lumis=1%2C8&lumis=1%2C507&lumis=1%2C1669&lumis=1%2C627&lumis=1%2C1202&lumis=75%2C1151&lumis=1%2C1087&lumis=40%2C227&lumis=1%2C147&lumis=1%2C577&lumis=1%2C9&lumis=1%2C60&lumis=1%2C47&lumis=1%2C34&lumis=1%2C74&lumis=1%2C844&lumis=1%2C1489&lumis=1%2C1117&lumis=63%2C2209&lumis=1%2C7%2C11%2C125&lumis=1%2C527&lumis=1%2C341&lumis=87%2C279&lumis=1%2C2556&lumis=1%2C741&lumis=87%2C2904&lumis=1%2C214&lumis=1%2C394&lumis=74%2C858&lumis=1%2C961&lumis=1%2C163&lumis=1%2C213&lumis=79%2C447&lumis=1%2C873&lumis=1%2C60&lumis=1%2C2&lumis=1%2C253&lumis=1%2C658%2C680%2C781&lumis=1%2C1006&lumis=72%2C562&lumis=1%2C1114&lumis=1%2C252&lumis=96%2C1269&lumis=1%2C1823&lumis=1%2C885&lumis=66%2C227&lumis=1%2C883&lumis=1%2C291&lumis=1%2C2563&lumis=64%2C2711&lumis=1%2C73&lumis=1%2C729&lumis=1%2C21&lumis=1%2C40&lumis=78%2C3484&lumis=79%2C906&lumis=70%2C214&lumis=1%2C21&lumis=1%2C15&lumis=1%2C21&lumis=1%2C8&lumis=1%2C34&lumis=1%2C150&lumis=1%2C481&lumis=1%2C2353&lumis=81%2C394&lumis=1%2C1063&lumis=1%2C178&lumis=1%2C484&lumis=1%2C98&lumis=1%2C9&lumis=1%2C1037&lumis=196%2C1191&lumis=73%2C75&lumis=1%2C598&lumis=1%2C2093&lumis=1%2C155&lumis=42%2C60&lumis=1%2C902&lumis=83%2C715&lumis=77%2C433&lumis=1%2C2223&lumis=88%2C228&lumis=113%2C139%2C144%2C2070&lumis=1%2C522&lumis=14%2C14%2C33%2C47&lumis=1%2C134&lumis=1%2C10&lumis=1%2C192%2C254%2C271&lumis=62%2C744&lumis=84%2C346&lumis=115%2C132&lumis=1%2C8&lumis=1%2C128&lumis=82%2C163&lumis=1%2C150&lumis=1%2C21&lumis=1%2C29&lumis=1%2C8&lumis=1%2C113%2C115%2C202&lumis=1%2C98&lumis=1%2C312&lumis=77%2C600&lumis=1%2C1181&lumis=87%2C2260&lumis=1%2C88&lumis=77%2C231&lumis=76%2C754&lumis=1%2C1309&lumis=75%2C114&lumis=1%2C85&lumis=67%2C84&lumis=1%2C60&lumis=1%2C11&lumis=87%2C1885&lumis=1%2C21&lumis=1%2C709&lumis=73%2C767&lumis=84%2C833&lumis=1%2C150&lumis=1%2C639&lumis=1%2C453&lumis=85%2C1682&lumis=91%2C1557&lumis=105%2C114&lumis=75%2C111&lumis=1%2C767&lumis=48%2C92&lumis=1%2C21&lumis=1%2C330&lumis=1%2C8&lumis=1%2C291&lumis=1%2C6&lumis=1%2C8&lumis=1%2C1793&lumis=17%2C1540&lumis=1%2C46&lumis=1%2C1627&lumis=70%2C136&lumis=1%2C484&lumis=1%2C834&lumis=55%2C467&lumis=79%2C227&lumis=68%2C418&lumis=1%2C175&lumis=70%2C1465&lumis=1%2C857&lumis=1%2C20&lumis=71%2C199&lumis=82%2C382&lumis=1%2C260&lumis=71%2C244&lumis=68%2C224&lumis=118%2C524&lumis=38%2C485&lumis=129%2C365&lumis=86%2C190&lumis=1%2C9&lumis=1%2C34&lumis=1%2C118&lumis=100%2C1259&lumis=75%2C268&lumis=1%2C1231%2C1285%2C1307&lumis=1%2C43%2C82%2C87&lumis=1%2C713&lumis=68%2C1033&lumis=77%2C111&lumis=1%2C47&lumis=1%2C34&lumis=1%2C34&lumis=1%2C209&lumis=71%2C124&lumis=1%2C2235&lumis=71%2C691&lumis=1%2C1653&lumis=68%2C806&lumis=1%2C1694&lumis=1%2C776&lumis=77%2C1100&lumis=61%2C395&lumis=75%2C2122&lumis=72%2C304&lumis=79%2C397&lumis=84%2C3022&lumis=79%2C441&lumis=70%2C1121&lumis=85%2C163&lumis=1%2C59&lumis=1%2C21&lumis=1%2C8&lumis=1%2C111&lumis=1%2C73&lumis=1%2C36&lumis=1%2C34&lumis=1%2C8&lumis=1%2C584&lumis=1%2C163&lumis=1%2C613&lumis=1%2C1282&lumis=1%2C8&lumis=1%2C47&lumis=1%2C8&lumis=1%2C7&lumis=1%2C8&lumis=1%2C427&lumis=4%2C70&lumis=1%2C253&lumis=1%2C8&lumis=1%2C9&lumis=1%2C909&lumis=1%2C9&lumis=1%2C238&lumis=1%2C639&lumis=1%2C1437&lumis=1%2C372&lumis=49%2C98&lumis=1%2C870&lumis=1%2C639&lumis=1%2C10&lumis=1%2C367&lumis=1%2C1090%2C1102%2C1363&lumis=64%2C73&lumis=1%2C47&lumis=1%2C2022&lumis=101%2C903&lumis=98%2C451&lumis=1%2C23&lumis=1%2C136&lumis=1%2C319&lumis=63%2C176&lumis=1%2C8&lumis=1%2C47&lumis=1%2C34&lumis=1%2C8&lumis=1%2C21&lumis=1%2C9&lumis=1%2C21&lumis=1%2C2191&lumis=99%2C1065%2C1087%2C1089&lumis=1%2C291&lumis=1%2C1605&lumis=125%2C2176&lumis=81%2C85&lumis=1%2C215&lumis=1%2C2166&lumis=82%2C124&lumis=1%2C35&lumis=1%2C47&lumis=1%2C1862&lumis=92%2C2276&lumis=92%2C1101&lumis=81%2C85&lumis=1%2C8&lumis=1%2C8&lumis=1%2C9&lumis=1%2C8&lumis=1%2C68&lumis=89%2C171&lumis=1%2C176&lumis=1%2C73&lumis=1%2C178&lumis=1%2C330&lumis=1%2C1823&lumis=1%2C8&lumis=1%2C382&lumis=1%2C330&lumis=1%2C1843&lumis=1%2C80&lumis=117%2C201&lumis=1%2C59&lumis=1%2C243&lumis=1%2C137&lumis=1%2C229&lumis=1%2C1&lumis=1%2C10&lumis=1%2C519&lumis=82%2C98&lumis=1%2C227&lumis=1%2C124&lumis=1%2C458&lumis=76%2C1913&lumis=1%2C1748&lumis=79%2C93&lumis=1%2C291&lumis=1%2C461&lumis=1%2C971&lumis=80%2C832&lumis=1%2C986&lumis=1%2C428&lumis=82%2C124&lumis=1%2C2125%2C2202%2C2416%2C2528%2C2543&lumis=1%2C8&lumis=1%2C7&lumis=1%2C245&lumis=83%2C537&lumis=74%2C74&lumis=76%2C973&lumis=144%2C291&lumis=83%2C85&lumis=1%2C60&lumis=1%2C47&lumis=1%2C87&lumis=1%2C23&lumis=1%2C389&lumis=1%2C314&lumis=67%2C1552&lumis=1%2C729&lumis=1%2C85&lumis=1%2C112&lumis=1%2C20&lumis=1%2C1177&lumis=65%2C736&lumis=1%2C1496&lumis=349%2C756&lumis=1%2C1723&lumis=88%2C240&lumis=1%2C1291&lumis=85%2C1462&lumis=1%2C388&lumis=73%2C394&lumis=1%2C266&lumis=109%2C162&lumis=1%2C112&lumis=1%2C369&lumis=1%2C356&lumis=1%2C343&lumis=1%2C60&lumis=1%2C34&lumis=1%2C35&lumis=1%2C47&lumis=1%2C137&lumis=1%2C227&lumis=1%2C30&lumis=59%2C368&lumis=32%2C3199&lumis=12%2C4203&lumis=32%2C498&lumis=1%2C935&lumis=1%2C767&lumis=1%2C107&lumis=25%2C1191&lumis=1%2C8&lumis=1%2C797&lumis=94%2C528&lumis=96%2C1572&lumis=67%2C1540&lumis=73%2C330&lumis=1%2C124&lumis=1%2C751&lumis=112%2C414&lumis=31%2C1151&lumis=89%2C290&lumis=1%2C481&lumis=1%2C1239&lumis=64%2C460&lumis=79%2C1557&lumis=23%2C33&lumis=1%2C9&lumis=1%2C21&lumis=1%2C9&lumis=1%2C36&lumis=65%2C447&lumis=71%2C1112&lumis=1%2C47&lumis=1%2C105&lumis=58%2C279&lumis=1%2C1179&lumis=76%2C863&lumis=63%2C316&lumis=1%2C98&lumis=1%2C710&lumis=66%2C416&lumis=1%2C638&lumis=85%2C446&lumis=1%2C99&lumis=82%2C679&lumis=116%2C214&lumis=1%2C137&lumis=74%2C104&lumis=48%2C472&lumis=1%2C331&lumis=1%2C21&lumis=1%2C120&lumis=96%2C126&lumis=1%2C7&lumis=1%2C122&lumis=78%2C680&lumis=78%2C98&lumis=1%2C21&lumis=1%2C8&lumis=1%2C863&lumis=99%2C111&lumis=1%2C461&lumis=95%2C1026&lumis=82%2C901&lumis=84%2C417&lumis=1%2C60&lumis=1%2C68&lumis=1%2C460&lumis=1%2C189&lumis=1%2C111&lumis=1%2C935&lumis=1%2C1187&extrajdl=%2BCMS_ALLOW_OVERFLOW%3DFalse
DEBUG 2017-12-09 17:07:50,448: 	 Result: {u'result': [{u'RequestName': u'171209_230750:zhixing_crab_GravitonToQuark_8000_fermi'}]}
INFO 2017-12-09 17:07:50,468: 	 Success: Your task has been delivered to the CRAB3 server.
INFO 2017-12-09 17:07:50,468: 	 Task name: 171209_230750:zhixing_crab_GravitonToQuark_8000_fermi
INFO 2017-12-09 17:07:50,468: 	 Please use 'crab status' to check how the submission process proceeds.
DEBUG 2017-12-09 17:07:50,468: 	 About to return
INFO 2017-12-09 17:07:50,474: 	 Log file is /uscms_data/d3/zwang2/WorkingArea4/CMSSW_8_0_25/src/CMSDIJET/DijetRootTreeMaker/crab_job/output/crab_GravitonToQuark_8000_fermi/crab.log
